#-----------------------------------------------------------
# Vivado v2018.2 (64-bit)
# SW Build 2258646 on Thu Jun 14 20:03:12 MDT 2018
# IP Build 2256618 on Thu Jun 14 22:10:49 MDT 2018
# Start of session at: Thu May 27 10:22:23 2021
# Process ID: 18644
# Current directory: C:/Documents/Sophomore2/Digital_logic_and_digital_system/DLDS/docs/Experiments/Lab3/dig_clock
# Command line: vivado.exe -gui_launcher_event rodinguilauncherevent4180 C:\Documents\Sophomore2\Digital_logic_and_digital_system\DLDS\docs\Experiments\Lab3\dig_clock\dig_clock.xpr
# Log file: C:/Documents/Sophomore2/Digital_logic_and_digital_system/DLDS/docs/Experiments/Lab3/dig_clock/vivado.log
# Journal file: C:/Documents/Sophomore2/Digital_logic_and_digital_system/DLDS/docs/Experiments/Lab3/dig_clock\vivado.jou
#-----------------------------------------------------------
start_gui
open_project C:/Documents/Sophomore2/Digital_logic_and_digital_system/DLDS/docs/Experiments/Lab3/dig_clock/dig_clock.xpr
INFO: [ProjectBase 1-489] The host OS only allows 260 characters in a normal path. The project is stored in a path with more than 80 characters. If you experience issues with IP, Block Designs, or files not being found, please consider moving the project to a location with a shorter path. Alternately consider using the OS subst command to map part of the path to a drive letter.
Current project path is 'C:/Documents/Sophomore2/Digital_logic_and_digital_system/DLDS/docs/Experiments/Lab3/dig_clock'
Scanning sources...
Finished scanning sources
INFO: [IP_Flow 19-234] Refreshing IP repositories
INFO: [IP_Flow 19-1700] Loaded user IP repository 'c:/Documents/Sophomore2/Digital_logic_and_digital_system/DLDS/docs/Experiments/Lab3/dig_clock/bin2bcd'.
INFO: [IP_Flow 19-2313] Loaded Vivado IP repository 'C:/Softwares/Vivado2018/Vivado/2018.2/data/ip'.
open_project: Time (s): cpu = 00:00:17 ; elapsed = 00:00:08 . Memory (MB): peak = 885.875 ; gain = 142.660
update_compile_order -fileset sources_1
exit
INFO: [Common 17-206] Exiting Vivado at Thu May 27 10:33:35 2021...
